[2026-01-13T14:44:16.530+0000] {taskinstance.py:1956} INFO - Dependencies all met for dep_context=non-requeueable deps ti=<TaskInstance: ETL_TAXI_TRIP.Extract manual__2026-01-13T14:38:52.908579+00:00 [queued]>
[2026-01-13T14:44:16.540+0000] {taskinstance.py:1956} INFO - Dependencies all met for dep_context=requeueable deps ti=<TaskInstance: ETL_TAXI_TRIP.Extract manual__2026-01-13T14:38:52.908579+00:00 [queued]>
[2026-01-13T14:44:16.540+0000] {taskinstance.py:2170} INFO - Starting attempt 2 of 3
[2026-01-13T14:44:16.559+0000] {taskinstance.py:2191} INFO - Executing <Task(PythonOperator): Extract> on 2026-01-13 14:38:52.908579+00:00
[2026-01-13T14:44:16.566+0000] {standard_task_runner.py:60} INFO - Started process 526 to run task
[2026-01-13T14:44:16.571+0000] {standard_task_runner.py:87} INFO - Running: ['***', 'tasks', 'run', 'ETL_TAXI_TRIP', 'Extract', 'manual__2026-01-13T14:38:52.908579+00:00', '--job-id', '19', '--raw', '--subdir', 'DAGS_FOLDER/ELT.py', '--cfg-path', '/tmp/tmp8iuze5_g']
[2026-01-13T14:44:16.574+0000] {standard_task_runner.py:88} INFO - Job 19: Subtask Extract
[2026-01-13T14:44:16.626+0000] {task_command.py:423} INFO - Running <TaskInstance: ETL_TAXI_TRIP.Extract manual__2026-01-13T14:38:52.908579+00:00 [running]> on host 0f942e5daad9
[2026-01-13T14:44:16.746+0000] {taskinstance.py:2480} INFO - Exporting env vars: AIRFLOW_CTX_DAG_OWNER='***' AIRFLOW_CTX_DAG_ID='ETL_TAXI_TRIP' AIRFLOW_CTX_TASK_ID='Extract' AIRFLOW_CTX_EXECUTION_DATE='2026-01-13T14:38:52.908579+00:00' AIRFLOW_CTX_TRY_NUMBER='2' AIRFLOW_CTX_DAG_RUN_ID='manual__2026-01-13T14:38:52.908579+00:00'
[2026-01-13T14:44:24.909+0000] {logging_mixin.py:188} WARNING - Downloading...
[2026-01-13T14:44:24.910+0000] {logging_mixin.py:188} WARNING - From: https://drive.google.com/uc?id=1zVL3AIQFKE_lwEYdX2CJJnJRQLRKmUAa
[2026-01-13T14:44:24.911+0000] {logging_mixin.py:188} WARNING - To: /media/rachid/d70e3dc6-74e7-4c87-96bc-e4c3689c979a/lmobrmij/Projects/Smart-LogiTrack-Syst-me-Pr-dictif-de-Transport-Urbain-ETA-/Test/Data/dataset.parquet
[2026-01-13T14:44:24.917+0000] {logging_mixin.py:188} WARNING -   0%|          | 0.00/59.2M [00:00<?, ?B/s]
[2026-01-13T14:44:25.099+0000] {logging_mixin.py:188} WARNING -   1%|          | 524k/59.2M [00:00<00:20, 2.89MB/s]
[2026-01-13T14:44:25.384+0000] {logging_mixin.py:188} WARNING -   4%|3         | 2.10M/59.2M [00:00<00:12, 4.70MB/s]
[2026-01-13T14:44:25.519+0000] {logging_mixin.py:188} WARNING -   8%|7         | 4.72M/59.2M [00:00<00:05, 9.40MB/s]
[2026-01-13T14:44:25.653+0000] {logging_mixin.py:188} WARNING -  11%|#         | 6.29M/59.2M [00:00<00:05, 10.1MB/s]
[2026-01-13T14:44:25.837+0000] {logging_mixin.py:188} WARNING -  13%|#3        | 7.86M/59.2M [00:00<00:05, 9.53MB/s]
[2026-01-13T14:44:25.979+0000] {logging_mixin.py:188} WARNING -  15%|#5        | 8.91M/59.2M [00:01<00:05, 8.89MB/s]
[2026-01-13T14:44:26.133+0000] {logging_mixin.py:188} WARNING -  18%|#7        | 10.5M/59.2M [00:01<00:05, 9.31MB/s]
[2026-01-13T14:44:26.272+0000] {logging_mixin.py:188} WARNING -  20%|##        | 12.1M/59.2M [00:01<00:04, 9.90MB/s]
[2026-01-13T14:44:26.407+0000] {logging_mixin.py:188} WARNING -  23%|##3       | 13.6M/59.2M [00:01<00:04, 10.4MB/s]
[2026-01-13T14:44:26.586+0000] {logging_mixin.py:188} WARNING -  26%|##5       | 15.2M/59.2M [00:01<00:04, 9.83MB/s]
[2026-01-13T14:44:26.726+0000] {logging_mixin.py:188} WARNING -  28%|##8       | 16.8M/59.2M [00:01<00:04, 10.2MB/s]
[2026-01-13T14:44:26.858+0000] {logging_mixin.py:188} WARNING -  31%|###1      | 18.4M/59.2M [00:01<00:03, 10.7MB/s]
[2026-01-13T14:44:26.995+0000] {logging_mixin.py:188} WARNING -  34%|###3      | 19.9M/59.2M [00:02<00:03, 10.9MB/s]
[2026-01-13T14:44:27.169+0000] {logging_mixin.py:188} WARNING -  36%|###6      | 21.5M/59.2M [00:02<00:03, 10.3MB/s]
[2026-01-13T14:44:27.353+0000] {logging_mixin.py:188} WARNING -  39%|###8      | 23.1M/59.2M [00:02<00:03, 9.69MB/s]
[2026-01-13T14:44:27.498+0000] {logging_mixin.py:188} WARNING -  41%|####      | 24.1M/59.2M [00:02<00:03, 9.00MB/s]
[2026-01-13T14:44:27.692+0000] {logging_mixin.py:188} WARNING -  43%|####2     | 25.2M/59.2M [00:02<00:04, 7.76MB/s]
[2026-01-13T14:44:27.978+0000] {logging_mixin.py:188} WARNING -  44%|####4     | 26.2M/59.2M [00:03<00:05, 6.03MB/s]
[2026-01-13T14:44:28.096+0000] {logging_mixin.py:188} WARNING -  47%|####6     | 27.8M/59.2M [00:03<00:04, 7.48MB/s]
[2026-01-13T14:44:28.254+0000] {logging_mixin.py:188} WARNING -  49%|####8     | 28.8M/59.2M [00:03<00:04, 7.24MB/s]
[2026-01-13T14:44:28.408+0000] {logging_mixin.py:188} WARNING -  51%|#####1    | 30.4M/59.2M [00:03<00:03, 8.07MB/s]
[2026-01-13T14:44:28.556+0000] {logging_mixin.py:188} WARNING -  54%|#####4    | 32.0M/59.2M [00:03<00:03, 8.79MB/s]
[2026-01-13T14:44:28.665+0000] {logging_mixin.py:188} WARNING -  56%|#####5    | 33.0M/59.2M [00:03<00:02, 8.96MB/s]
[2026-01-13T14:44:28.855+0000] {logging_mixin.py:188} WARNING -  58%|#####7    | 34.1M/59.2M [00:03<00:03, 7.73MB/s]
[2026-01-13T14:44:28.993+0000] {logging_mixin.py:188} WARNING -  59%|#####9    | 35.1M/59.2M [00:04<00:03, 7.69MB/s]
[2026-01-13T14:44:29.163+0000] {logging_mixin.py:188} WARNING -  61%|######1   | 36.2M/59.2M [00:04<00:03, 7.20MB/s]
[2026-01-13T14:44:29.297+0000] {logging_mixin.py:188} WARNING -  63%|######2   | 37.2M/59.2M [00:04<00:02, 7.36MB/s]
[2026-01-13T14:44:29.434+0000] {logging_mixin.py:188} WARNING -  65%|######4   | 38.3M/59.2M [00:04<00:02, 7.45MB/s]
[2026-01-13T14:44:32.336+0000] {logging_mixin.py:188} WARNING -  66%|######6   | 39.3M/59.2M [00:07<00:17, 1.11MB/s]
[2026-01-13T14:44:32.790+0000] {logging_mixin.py:188} WARNING -  68%|######8   | 40.4M/59.2M [00:07<00:14, 1.31MB/s]
[2026-01-13T14:44:32.927+0000] {logging_mixin.py:188} WARNING -  70%|#######   | 41.4M/59.2M [00:08<00:10, 1.73MB/s]
[2026-01-13T14:44:33.064+0000] {logging_mixin.py:188} WARNING -  74%|#######3  | 43.5M/59.2M [00:08<00:05, 2.92MB/s]
[2026-01-13T14:44:33.205+0000] {logging_mixin.py:188} WARNING -  76%|#######6  | 45.1M/59.2M [00:08<00:03, 3.86MB/s]
[2026-01-13T14:44:33.348+0000] {logging_mixin.py:188} WARNING -  79%|#######8  | 46.7M/59.2M [00:08<00:02, 4.86MB/s]
[2026-01-13T14:44:33.488+0000] {logging_mixin.py:188} WARNING -  82%|########1 | 48.2M/59.2M [00:08<00:01, 5.92MB/s]
[2026-01-13T14:44:33.622+0000] {logging_mixin.py:188} WARNING -  84%|########4 | 49.8M/59.2M [00:08<00:01, 7.00MB/s]
[2026-01-13T14:44:33.756+0000] {logging_mixin.py:188} WARNING -  87%|########6 | 51.4M/59.2M [00:08<00:00, 7.98MB/s]
[2026-01-13T14:44:33.891+0000] {logging_mixin.py:188} WARNING -  90%|########9 | 53.0M/59.2M [00:08<00:00, 8.82MB/s]
[2026-01-13T14:44:34.025+0000] {logging_mixin.py:188} WARNING -  92%|#########2| 54.5M/59.2M [00:09<00:00, 9.55MB/s]
[2026-01-13T14:44:34.160+0000] {logging_mixin.py:188} WARNING -  95%|#########4| 56.1M/59.2M [00:09<00:00, 10.1MB/s]
[2026-01-13T14:44:34.294+0000] {logging_mixin.py:188} WARNING -  97%|#########7| 57.7M/59.2M [00:09<00:00, 10.5MB/s]
[2026-01-13T14:44:34.421+0000] {logging_mixin.py:188} WARNING - 100%|##########| 59.2M/59.2M [00:09<00:00, 10.9MB/s]
[2026-01-13T14:44:34.422+0000] {logging_mixin.py:188} WARNING - 100%|##########| 59.2M/59.2M [00:09<00:00, 6.22MB/s]
[2026-01-13T14:44:37.671+0000] {python.py:201} INFO - Done. Returned value was: DataFrame[VendorID: int, tpep_pickup_datetime: timestamp_ntz, tpep_dropoff_datetime: timestamp_ntz, passenger_count: bigint, trip_distance: double, RatecodeID: bigint, store_and_fwd_flag: string, PULocationID: int, DOLocationID: int, payment_type: bigint, fare_amount: double, extra: double, mta_tax: double, tip_amount: double, tolls_amount: double, improvement_surcharge: double, total_amount: double, congestion_surcharge: double, Airport_fee: double, cbd_congestion_fee: double]
[2026-01-13T14:44:37.709+0000] {xcom.py:664} ERROR - Object of type DataFrame is not JSON serializable. If you are using pickle instead of JSON for XCom, then you need to enable pickle support for XCom in your *** config or make sure to decorate your object with attr.
[2026-01-13T14:44:37.712+0000] {taskinstance.py:2698} ERROR - Task failed with exception
Traceback (most recent call last):
  File "/home/airflow/.local/lib/python3.8/site-packages/airflow/utils/json.py", line 91, in default
    return serialize(o)
  File "/home/airflow/.local/lib/python3.8/site-packages/airflow/serialization/serde.py", line 180, in serialize
    raise TypeError(f"cannot serialize object of type {cls}")
TypeError: cannot serialize object of type <class 'pyspark.sql.dataframe.DataFrame'>

During handling of the above exception, another exception occurred:

Traceback (most recent call last):
  File "/home/airflow/.local/lib/python3.8/site-packages/airflow/models/taskinstance.py", line 440, in _execute_task
    task_instance.xcom_push(key=XCOM_RETURN_KEY, value=xcom_value, session=session)
  File "/home/airflow/.local/lib/python3.8/site-packages/airflow/utils/session.py", line 76, in wrapper
    return func(*args, **kwargs)
  File "/home/airflow/.local/lib/python3.8/site-packages/airflow/models/taskinstance.py", line 2980, in xcom_push
    XCom.set(
  File "/home/airflow/.local/lib/python3.8/site-packages/airflow/utils/session.py", line 76, in wrapper
    return func(*args, **kwargs)
  File "/home/airflow/.local/lib/python3.8/site-packages/airflow/models/xcom.py", line 247, in set
    value = cls.serialize_value(
  File "/home/airflow/.local/lib/python3.8/site-packages/airflow/models/xcom.py", line 662, in serialize_value
    return json.dumps(value, cls=XComEncoder).encode("UTF-8")
  File "/usr/local/lib/python3.8/json/__init__.py", line 234, in dumps
    return cls(
  File "/home/airflow/.local/lib/python3.8/site-packages/airflow/utils/json.py", line 104, in encode
    return super().encode(o)
  File "/usr/local/lib/python3.8/json/encoder.py", line 199, in encode
    chunks = self.iterencode(o, _one_shot=True)
  File "/usr/local/lib/python3.8/json/encoder.py", line 257, in iterencode
    return _iterencode(o, 0)
  File "/home/airflow/.local/lib/python3.8/site-packages/airflow/utils/json.py", line 93, in default
    return super().default(o)
  File "/usr/local/lib/python3.8/json/encoder.py", line 179, in default
    raise TypeError(f'Object of type {o.__class__.__name__} '
TypeError: Object of type DataFrame is not JSON serializable
[2026-01-13T14:44:37.723+0000] {taskinstance.py:1138} INFO - Marking task as UP_FOR_RETRY. dag_id=ETL_TAXI_TRIP, task_id=Extract, execution_date=20260113T143852, start_date=20260113T144416, end_date=20260113T144437
[2026-01-13T14:44:37.741+0000] {standard_task_runner.py:107} ERROR - Failed to execute job 19 for task Extract (Object of type DataFrame is not JSON serializable; 526)
[2026-01-13T14:44:37.751+0000] {local_task_job_runner.py:234} INFO - Task exited with return code 1
[2026-01-13T14:44:37.783+0000] {taskinstance.py:3280} INFO - 0 downstream tasks scheduled from follow-on schedule check
