[2026-01-13T14:14:38.513+0000] {taskinstance.py:1956} INFO - Dependencies all met for dep_context=non-requeueable deps ti=<TaskInstance: ETL_TAXI_TRIP.Extract manual__2026-01-13T14:04:19.018464+00:00 [queued]>
[2026-01-13T14:14:38.522+0000] {taskinstance.py:1956} INFO - Dependencies all met for dep_context=requeueable deps ti=<TaskInstance: ETL_TAXI_TRIP.Extract manual__2026-01-13T14:04:19.018464+00:00 [queued]>
[2026-01-13T14:14:38.522+0000] {taskinstance.py:2170} INFO - Starting attempt 3 of 3
[2026-01-13T14:14:38.539+0000] {taskinstance.py:2191} INFO - Executing <Task(PythonOperator): Extract> on 2026-01-13 14:04:19.018464+00:00
[2026-01-13T14:14:38.544+0000] {standard_task_runner.py:60} INFO - Started process 883 to run task
[2026-01-13T14:14:38.549+0000] {standard_task_runner.py:87} INFO - Running: ['***', 'tasks', 'run', 'ETL_TAXI_TRIP', 'Extract', 'manual__2026-01-13T14:04:19.018464+00:00', '--job-id', '13', '--raw', '--subdir', 'DAGS_FOLDER/ELT.py', '--cfg-path', '/tmp/tmp20q32yfu']
[2026-01-13T14:14:38.551+0000] {standard_task_runner.py:88} INFO - Job 13: Subtask Extract
[2026-01-13T14:14:38.600+0000] {task_command.py:423} INFO - Running <TaskInstance: ETL_TAXI_TRIP.Extract manual__2026-01-13T14:04:19.018464+00:00 [running]> on host e3906867462a
[2026-01-13T14:14:38.687+0000] {taskinstance.py:2480} INFO - Exporting env vars: AIRFLOW_CTX_DAG_OWNER='***' AIRFLOW_CTX_DAG_ID='ETL_TAXI_TRIP' AIRFLOW_CTX_TASK_ID='Extract' AIRFLOW_CTX_EXECUTION_DATE='2026-01-13T14:04:19.018464+00:00' AIRFLOW_CTX_TRY_NUMBER='3' AIRFLOW_CTX_DAG_RUN_ID='manual__2026-01-13T14:04:19.018464+00:00'
[2026-01-13T14:14:49.910+0000] {taskinstance.py:2698} ERROR - Task failed with exception
Traceback (most recent call last):
  File "/home/airflow/.local/lib/python3.8/site-packages/urllib3/connection.py", line 174, in _new_conn
    conn = connection.create_connection(
  File "/home/airflow/.local/lib/python3.8/site-packages/urllib3/util/connection.py", line 72, in create_connection
    for res in socket.getaddrinfo(host, port, family, socket.SOCK_STREAM):
  File "/usr/local/lib/python3.8/socket.py", line 918, in getaddrinfo
    for res in _socket.getaddrinfo(host, port, family, type, proto, flags):
socket.gaierror: [Errno -5] No address associated with hostname

During handling of the above exception, another exception occurred:

Traceback (most recent call last):
  File "/home/airflow/.local/lib/python3.8/site-packages/urllib3/connectionpool.py", line 715, in urlopen
    httplib_response = self._make_request(
  File "/home/airflow/.local/lib/python3.8/site-packages/urllib3/connectionpool.py", line 404, in _make_request
    self._validate_conn(conn)
  File "/home/airflow/.local/lib/python3.8/site-packages/urllib3/connectionpool.py", line 1058, in _validate_conn
    conn.connect()
  File "/home/airflow/.local/lib/python3.8/site-packages/urllib3/connection.py", line 363, in connect
    self.sock = conn = self._new_conn()
  File "/home/airflow/.local/lib/python3.8/site-packages/urllib3/connection.py", line 186, in _new_conn
    raise NewConnectionError(
urllib3.exceptions.NewConnectionError: <urllib3.connection.HTTPSConnection object at 0x7fae42e65d60>: Failed to establish a new connection: [Errno -5] No address associated with hostname

During handling of the above exception, another exception occurred:

Traceback (most recent call last):
  File "/home/airflow/.local/lib/python3.8/site-packages/requests/adapters.py", line 486, in send
    resp = conn.urlopen(
  File "/home/airflow/.local/lib/python3.8/site-packages/urllib3/connectionpool.py", line 799, in urlopen
    retries = retries.increment(
  File "/home/airflow/.local/lib/python3.8/site-packages/urllib3/util/retry.py", line 592, in increment
    raise MaxRetryError(_pool, url, error or ResponseError(cause))
urllib3.exceptions.MaxRetryError: HTTPSConnectionPool(host='doc-08-38-docs.googleusercontent.com', port=443): Max retries exceeded with url: /docs/securesc/ha0ro937gcuc7l7deffksulhg5h7mbp1/i2s3uo5uos9n6acsvq5qmq67mj1fdnfe/1768313625000/02532136576185869075/*/1zVL3AIQFKE_lwEYdX2CJJnJRQLRKmUAa?uuid=4189677a-5f79-47fb-a6d9-43b1172322b6 (Caused by NewConnectionError('<urllib3.connection.HTTPSConnection object at 0x7fae42e65d60>: Failed to establish a new connection: [Errno -5] No address associated with hostname'))

During handling of the above exception, another exception occurred:

Traceback (most recent call last):
  File "/home/airflow/.local/lib/python3.8/site-packages/airflow/models/taskinstance.py", line 433, in _execute_task
    result = execute_callable(context=context, **execute_callable_kwargs)
  File "/home/airflow/.local/lib/python3.8/site-packages/airflow/operators/python.py", line 199, in execute
    return_value = self.execute_callable()
  File "/home/airflow/.local/lib/python3.8/site-packages/airflow/operators/python.py", line 216, in execute_callable
    return self.python_callable(*self.op_args, **self.op_kwargs)
  File "/opt/airflow/dags/ELT.py", line 126, in Extract_data
    gdown.download(id=FILE_ID, output=output_path, quiet=False)
  File "/home/airflow/.local/lib/python3.8/site-packages/gdown/download.py", line 202, in download
    res = sess.get(url, stream=True, verify=verify)
  File "/home/airflow/.local/lib/python3.8/site-packages/requests/sessions.py", line 602, in get
    return self.request("GET", url, **kwargs)
  File "/home/airflow/.local/lib/python3.8/site-packages/requests/sessions.py", line 589, in request
    resp = self.send(prep, **send_kwargs)
  File "/home/airflow/.local/lib/python3.8/site-packages/requests/sessions.py", line 725, in send
    history = [resp for resp in gen]
  File "/home/airflow/.local/lib/python3.8/site-packages/requests/sessions.py", line 725, in <listcomp>
    history = [resp for resp in gen]
  File "/home/airflow/.local/lib/python3.8/site-packages/requests/sessions.py", line 266, in resolve_redirects
    resp = self.send(
  File "/home/airflow/.local/lib/python3.8/site-packages/requests/sessions.py", line 703, in send
    r = adapter.send(request, **kwargs)
  File "/home/airflow/.local/lib/python3.8/site-packages/requests/adapters.py", line 519, in send
    raise ConnectionError(e, request=request)
requests.exceptions.ConnectionError: HTTPSConnectionPool(host='doc-08-38-docs.googleusercontent.com', port=443): Max retries exceeded with url: /docs/securesc/ha0ro937gcuc7l7deffksulhg5h7mbp1/i2s3uo5uos9n6acsvq5qmq67mj1fdnfe/1768313625000/02532136576185869075/*/1zVL3AIQFKE_lwEYdX2CJJnJRQLRKmUAa?uuid=4189677a-5f79-47fb-a6d9-43b1172322b6 (Caused by NewConnectionError('<urllib3.connection.HTTPSConnection object at 0x7fae42e65d60>: Failed to establish a new connection: [Errno -5] No address associated with hostname'))
[2026-01-13T14:14:49.933+0000] {taskinstance.py:1138} INFO - Marking task as FAILED. dag_id=ETL_TAXI_TRIP, task_id=Extract, execution_date=20260113T140419, start_date=20260113T141438, end_date=20260113T141449
[2026-01-13T14:14:49.961+0000] {standard_task_runner.py:107} ERROR - Failed to execute job 13 for task Extract (HTTPSConnectionPool(host='doc-08-38-docs.googleusercontent.com', port=443): Max retries exceeded with url: /docs/securesc/ha0ro937gcuc7l7deffksulhg5h7mbp1/i2s3uo5uos9n6acsvq5qmq67mj1fdnfe/1768313625000/02532136576185869075/*/1zVL3AIQFKE_lwEYdX2CJJnJRQLRKmUAa?uuid=4189677a-5f79-47fb-a6d9-43b1172322b6 (Caused by NewConnectionError('<urllib3.connection.HTTPSConnection object at 0x7fae42e65d60>: Failed to establish a new connection: [Errno -5] No address associated with hostname')); 883)
[2026-01-13T14:14:49.976+0000] {local_task_job_runner.py:234} INFO - Task exited with return code 1
[2026-01-13T14:14:50.026+0000] {taskinstance.py:3280} INFO - 0 downstream tasks scheduled from follow-on schedule check
